<?xml version="1.0" encoding="UTF-8"?>
<!-- Generated by org.testng.reporters.JUnitReportReporter -->
<testsuite hostname="DESKTOP-BVG2GMI" failures="0" tests="1" name="excelAutomation.RowAndColumnCount" time="0.527" errors="0" timestamp="2022-02-14T00:10:28 IST" skipped="0">
  <testcase classname="excelAutomation.RowAndColumnCount" name="writeCellData" time="0.527"/>
  <system-out/>
</testsuite> <!-- excelAutomation.RowAndColumnCount -->
