<?xml version="1.0" encoding="UTF-8"?>
<!-- Generated by org.testng.reporters.JUnitReportReporter -->
<testsuite hostname="DESKTOP-BVG2GMI" failures="0" tests="1" name="apiAutomation.ResponseAsStrig" time="3.234" errors="0" timestamp="2022-01-16T19:32:30 IST" skipped="0">
  <testcase classname="apiAutomation.ResponseAsStrig" name="GetCityWeather" time="3.234"/>
  <system-out/>
</testsuite> <!-- apiAutomation.ResponseAsStrig -->
