<?xml version="1.0" encoding="UTF-8"?>
<!-- Generated by org.testng.reporters.JUnitReportReporter -->
<testsuite hostname="DESKTOP-BVG2GMI" failures="0" tests="1" name="dataBaseAutomation.RetrieveDBData" time="0.463" errors="0" timestamp="2022-02-14T00:45:40 IST" skipped="0">
  <testcase classname="dataBaseAutomation.RetrieveDBData" name="DBDataRetrieve" time="0.463"/>
  <system-out/>
</testsuite> <!-- dataBaseAutomation.RetrieveDBData -->
