<?xml version="1.0" encoding="UTF-8"?>
<!-- Generated by org.testng.reporters.JUnitReportReporter -->
<testsuite hostname="DESKTOP-BVG2GMI" failures="0" tests="1" name="excelAutomation.WriteCellData" time="0.940" errors="0" timestamp="2022-02-14T00:27:00 IST" skipped="0">
  <testcase classname="excelAutomation.WriteCellData" name="writeCellData" time="0.940"/>
  <system-out/>
</testsuite> <!-- excelAutomation.WriteCellData -->
