<?xml version="1.0" encoding="UTF-8"?>
<!-- Generated by org.testng.reporters.JUnitReportReporter -->
<testsuite hostname="DESKTOP-BVG2GMI" failures="0" tests="1" name="apiAutomation.RequestAsFile" time="2.067" errors="0" timestamp="2022-01-22T00:25:53 IST" skipped="0">
  <testcase classname="apiAutomation.RequestAsFile" name="ReqAsFile" time="2.067"/>
  <system-out/>
</testsuite> <!-- apiAutomation.RequestAsFile -->
