<?xml version="1.0" encoding="UTF-8"?>
<!-- Generated by org.testng.reporters.JUnitReportReporter -->
<testsuite hostname="DESKTOP-BVG2GMI" failures="0" tests="1" name="apiAutomation.PostAddress" time="2.232" errors="0" timestamp="2021-12-17T00:13:51 IST" skipped="0">
  <testcase classname="apiAutomation.PostAddress" name="PostAdd" time="2.232"/>
  <system-out/>
</testsuite> <!-- apiAutomation.PostAddress -->
