<?xml version="1.0" encoding="UTF-8"?>
<!-- Generated by org.testng.reporters.JUnitReportReporter -->
<testsuite hostname="DESKTOP-BVG2GMI" failures="0" tests="1" name="uiAutomation.Set110" time="13.997" errors="0" timestamp="2022-02-04T01:35:22 IST" skipped="0">
  <testcase classname="uiAutomation.Set110" name="MouseActionKeys" time="13.997"/>
  <system-out/>
</testsuite> <!-- uiAutomation.Set110 -->
