<?xml version="1.0" encoding="UTF-8"?>
<!-- Generated by org.testng.reporters.JUnitReportReporter -->
<testsuite hostname="DESKTOP-BVG2GMI" failures="0" tests="1" name="AutomationProject.EVO.LogTest" time="0.008" errors="0" timestamp="2021-10-24T02:55:09 IST" skipped="0">
  <testcase classname="AutomationProject.EVO.LogTest" name="logTesting" time="0.008"/>
  <system-out/>
</testsuite> <!-- AutomationProject.EVO.LogTest -->
