<?xml version="1.0" encoding="UTF-8"?>
<!-- Generated by org.testng.reporters.JUnitReportReporter -->
<testsuite hostname="DESKTOP-BVG2GMI" failures="0" tests="1" name="uiAutomation.Set2" time="5.545" errors="0" timestamp="2022-02-07T01:01:46 IST" skipped="0">
  <testcase classname="uiAutomation.Set2" name="tableSteering" time="5.545"/>
  <system-out/>
</testsuite> <!-- uiAutomation.Set2 -->
