<?xml version="1.0" encoding="UTF-8"?>
<!-- Generated by org.testng.reporters.JUnitReportReporter -->
<testsuite hostname="DESKTOP-BVG2GMI" failures="0" tests="1" name="uiAutomation.LogTest" time="0.013" errors="0" timestamp="2021-10-26T02:25:12 IST" skipped="0">
  <testcase classname="uiAutomation.LogTest" name="logTesting" time="0.013"/>
  <system-out/>
</testsuite> <!-- uiAutomation.LogTest -->
