<?xml version="1.0" encoding="UTF-8"?>
<!-- Generated by org.testng.reporters.JUnitReportReporter -->
<testsuite hostname="DESKTOP-BVG2GMI" failures="0" tests="1" name="uiAutomation.SubmitForm" time="8.806" errors="0" timestamp="2022-02-13T04:27:19 IST" skipped="0">
  <testcase classname="uiAutomation.SubmitForm" name="SubmitFormTC" time="8.806"/>
  <system-out/>
</testsuite> <!-- uiAutomation.SubmitForm -->
