<?xml version="1.0" encoding="UTF-8"?>
<!-- Generated by org.testng.reporters.JUnitReportReporter -->
<testsuite hostname="DESKTOP-BVG2GMI" failures="0" tests="1" name="excelAutomation.RetrieveCellData" time="0.456" errors="0" timestamp="2021-10-18T04:52:52 IST" skipped="0">
  <testcase classname="excelAutomation.RetrieveCellData" name="cellData" time="0.456"/>
  <system-out/>
</testsuite> <!-- excelAutomation.RetrieveCellData -->
