<?xml version="1.0" encoding="UTF-8"?>
<!-- Generated by org.testng.reporters.JUnitReportReporter -->
<testsuite hostname="DESKTOP-BVG2GMI" failures="0" tests="1" name="uiAutomation.SubmitFormPF" time="10.822" errors="0" timestamp="2022-02-13T04:28:36 IST" skipped="0">
  <testcase classname="uiAutomation.SubmitFormPF" name="SubmitFormTC" time="10.822"/>
  <system-out/>
</testsuite> <!-- uiAutomation.SubmitFormPF -->
