<?xml version="1.0" encoding="UTF-8"?>
<!-- Generated by org.testng.reporters.JUnitReportReporter -->
<testsuite hostname="DESKTOP-BVG2GMI" failures="0" tests="1" name="uiAutomation.FileUploadRobotClass" time="6.591" errors="0" timestamp="2022-04-30T17:47:59 IST" skipped="0">
  <testcase classname="uiAutomation.FileUploadRobotClass" name="fileupROBOT" time="6.591"/>
  <system-out/>
</testsuite> <!-- uiAutomation.FileUploadRobotClass -->
