<?xml version="1.0" encoding="UTF-8"?>
<!-- Generated by org.testng.reporters.JUnitReportReporter -->
<testsuite hostname="DESKTOP-BVG2GMI" failures="0" tests="1" name="apiAutomation.JSONOperations" time="1.609" errors="0" timestamp="2022-01-17T00:54:21 IST" skipped="0">
  <testcase classname="apiAutomation.JSONOperations" name="JSONOps" time="1.609"/>
  <system-out/>
</testsuite> <!-- apiAutomation.JSONOperations -->
